{"level":"info","message":"Creating tournament","timestamp":"2024-11-12T11:31:20.409Z"}
{"error":"Tournament validation failed: organizerId: Path `organizerId` is required.","level":"error","message":"Database error while creating tournament","stack":"ValidationError: Tournament validation failed: organizerId: Path `organizerId` is required.\n    at Document.invalidate (C:\\Users\\Memed\\Desktop\\ActualCode\\Archades\\api\\node_modules\\mongoose\\lib\\document.js:3318:32)\n    at C:\\Users\\Memed\\Desktop\\ActualCode\\Archades\\api\\node_modules\\mongoose\\lib\\document.js:3079:17\n    at C:\\Users\\Memed\\Desktop\\ActualCode\\Archades\\api\\node_modules\\mongoose\\lib\\schemaType.js:1388:9\n    at process.processTicksAndRejections (node:internal/process/task_queues:77:11)","timestamp":"2024-11-12T11:31:20.425Z","tournamentData":{"name":"haha","slug":"hahahaa"}}
{"error":"Error creating tournament: Tournament validation failed: organizerId: Path `organizerId` is required.","level":"error","message":"Failed to create tournament","stack":"Error: Error creating tournament: Tournament validation failed: organizerId: Path `organizerId` is required.\n    at createTournament (file:///C:/Users/Memed/Desktop/ActualCode/Archades/api/services/tournament/tournamentService.js:40:11)\n    at process.processTicksAndRejections (node:internal/process/task_queues:95:5)\n    at async createTournamentController (file:///C:/Users/Memed/Desktop/ActualCode/Archades/api/controllers/tournamentController.js:14:24)","timestamp":"2024-11-12T11:31:20.426Z"}
{"level":"info","message":"Starting user registration","timestamp":"2024-11-12T11:41:45.225Z"}
{"level":"info","message":"User registered successfully","timestamp":"2024-11-12T11:41:45.382Z","userId":"67333ef9d85db661feea0bb6"}
{"level":"info","message":"User login attempt","timestamp":"2024-11-12T12:07:34.640Z"}
{"level":"info","message":"User login attempt","timestamp":"2024-11-12T12:11:40.370Z"}
{"email":"haha@lol.com","level":"warn","message":"Login failed - user not found","timestamp":"2024-11-12T12:11:40.377Z"}
{"level":"info","message":"User login attempt","timestamp":"2024-11-12T12:11:52.395Z"}
{"level":"info","message":"User login attempt","timestamp":"2024-11-12T12:12:37.039Z"}
{"level":"info","message":"User login attempt","timestamp":"2024-11-12T12:12:55.881Z"}
{"level":"info","message":"User login attempt","timestamp":"2024-11-12T12:12:57.685Z"}
{"level":"info","message":"User login attempt","timestamp":"2024-11-12T12:13:17.822Z"}
{"email":"zidany@gmail.com","level":"warn","message":"Login failed - user not found","timestamp":"2024-11-12T12:13:17.829Z"}
{"level":"info","message":"User login attempt","timestamp":"2024-11-12T12:13:22.179Z"}
{"email":"zidany@gmail.com","level":"warn","message":"Login failed - user not found","timestamp":"2024-11-12T12:13:22.185Z"}
{"level":"info","message":"User login attempt","timestamp":"2024-11-12T12:13:32.733Z"}
{"level":"warn","message":"Login failed - invalid password","timestamp":"2024-11-12T12:13:32.826Z","userId":"67333ef9d85db661feea0bb6"}
{"level":"info","message":"User login attempt","timestamp":"2024-11-12T12:13:37.460Z"}
{"level":"info","message":"User login attempt","timestamp":"2024-11-12T12:13:51.995Z"}
{"level":"info","message":"User login attempt","timestamp":"2024-11-12T12:14:04.137Z"}
{"level":"info","message":"User login attempt","timestamp":"2024-11-12T12:14:05.742Z"}
{"level":"info","message":"User login attempt","timestamp":"2024-11-12T12:14:06.632Z"}
{"level":"info","message":"User login attempt","timestamp":"2024-11-12T12:14:07.473Z"}
{"level":"info","message":"User login attempt","timestamp":"2024-11-12T12:14:08.040Z"}
{"level":"info","message":"User login attempt","timestamp":"2024-11-12T12:14:17.343Z"}
{"level":"warn","message":"Login failed - invalid password","timestamp":"2024-11-12T12:14:17.434Z","userId":"67333ef9d85db661feea0bb6"}
{"level":"info","message":"User login attempt","timestamp":"2024-11-12T12:14:20.491Z"}
{"level":"info","message":"User login attempt","timestamp":"2024-11-12T12:19:11.773Z"}
{"level":"info","message":"User login attempt","timestamp":"2024-11-12T12:19:13.964Z"}
{"level":"info","message":"Creating tournament","timestamp":"2024-11-13T14:19:07.406Z","userId":"67333ef9d85db661feea0bb6"}
{"level":"info","message":"Tournament created successfully","slug":"flow-s-rumble","timestamp":"2024-11-13T14:19:07.449Z","tournamentId":"6734b55b7a0b371cf23b78ce"}
{"error":"Tournament is not defined","level":"error","message":"Failed to fetch tournaments","stack":"ReferenceError: Tournament is not defined\n    at getAllTournamentsController (file:///C:/Users/Memed/Desktop/ActualCode/Archades/api/controllers/tournamentController.js:63:25)\n    at Layer.handle [as handle_request] (C:\\Users\\Memed\\Desktop\\ActualCode\\Archades\\api\\node_modules\\express\\lib\\router\\layer.js:95:5)\n    at next (C:\\Users\\Memed\\Desktop\\ActualCode\\Archades\\api\\node_modules\\express\\lib\\router\\route.js:149:13)\n    at Route.dispatch (C:\\Users\\Memed\\Desktop\\ActualCode\\Archades\\api\\node_modules\\express\\lib\\router\\route.js:119:3)\n    at Layer.handle [as handle_request] (C:\\Users\\Memed\\Desktop\\ActualCode\\Archades\\api\\node_modules\\express\\lib\\router\\layer.js:95:5)\n    at C:\\Users\\Memed\\Desktop\\ActualCode\\Archades\\api\\node_modules\\express\\lib\\router\\index.js:284:15\n    at Function.process_params (C:\\Users\\Memed\\Desktop\\ActualCode\\Archades\\api\\node_modules\\express\\lib\\router\\index.js:346:12)\n    at next (C:\\Users\\Memed\\Desktop\\ActualCode\\Archades\\api\\node_modules\\express\\lib\\router\\index.js:280:10)\n    at Function.handle (C:\\Users\\Memed\\Desktop\\ActualCode\\Archades\\api\\node_modules\\express\\lib\\router\\index.js:175:3)\n    at router (C:\\Users\\Memed\\Desktop\\ActualCode\\Archades\\api\\node_modules\\express\\lib\\router\\index.js:47:12)","timestamp":"2024-11-13T14:25:24.774Z"}
{"error":"Tournament is not defined","level":"error","message":"Failed to fetch tournaments","stack":"ReferenceError: Tournament is not defined\n    at getAllTournamentsController (file:///C:/Users/Memed/Desktop/ActualCode/Archades/api/controllers/tournamentController.js:63:25)\n    at Layer.handle [as handle_request] (C:\\Users\\Memed\\Desktop\\ActualCode\\Archades\\api\\node_modules\\express\\lib\\router\\layer.js:95:5)\n    at next (C:\\Users\\Memed\\Desktop\\ActualCode\\Archades\\api\\node_modules\\express\\lib\\router\\route.js:149:13)\n    at Route.dispatch (C:\\Users\\Memed\\Desktop\\ActualCode\\Archades\\api\\node_modules\\express\\lib\\router\\route.js:119:3)\n    at Layer.handle [as handle_request] (C:\\Users\\Memed\\Desktop\\ActualCode\\Archades\\api\\node_modules\\express\\lib\\router\\layer.js:95:5)\n    at C:\\Users\\Memed\\Desktop\\ActualCode\\Archades\\api\\node_modules\\express\\lib\\router\\index.js:284:15\n    at Function.process_params (C:\\Users\\Memed\\Desktop\\ActualCode\\Archades\\api\\node_modules\\express\\lib\\router\\index.js:346:12)\n    at next (C:\\Users\\Memed\\Desktop\\ActualCode\\Archades\\api\\node_modules\\express\\lib\\router\\index.js:280:10)\n    at Function.handle (C:\\Users\\Memed\\Desktop\\ActualCode\\Archades\\api\\node_modules\\express\\lib\\router\\index.js:175:3)\n    at router (C:\\Users\\Memed\\Desktop\\ActualCode\\Archades\\api\\node_modules\\express\\lib\\router\\index.js:47:12)","timestamp":"2024-11-13T14:25:24.788Z"}
{"level":"info","message":"User logging out","timestamp":"2024-11-13T15:55:25.028Z","userId":"67333ef9d85db661feea0bb6"}
{"level":"info","message":"Starting user registration","timestamp":"2024-11-13T16:02:17.483Z"}
{"level":"info","message":"User registered successfully","timestamp":"2024-11-13T16:02:17.606Z","userId":"6734cd8936911fe11a2fc7d0"}
{"level":"info","message":"User logging out","timestamp":"2024-11-13T16:03:43.228Z","userId":"67333ef9d85db661feea0bb6"}
{"level":"info","message":"User logging out","timestamp":"2024-11-13T16:09:21.001Z","userId":"6734cd8936911fe11a2fc7d0"}
{"level":"info","message":"User logging out","timestamp":"2024-11-13T18:40:32.639Z","userId":"67333ef9d85db661feea0bb6"}
